
==> Tapping homebrew/core
==> Tapping homebrew/core
==> Tapping homebrew/core
==> Tapping homebrew/core
==> Tapping homebrew/core
==> Tapping homebrew/core
==> Auto-updated Homebrew!
Updated 3 taps (homebrew/core, homebrew/cask and homebrew/cask-drivers).
==> New Formulae
hsd
==> Updated Formulae
angular-cli
antibody
apache-brooklyn-cli
asdf
assh
aws-cdk
bitrise
boost
buildkit
cfn-lint
cheat
citus
click
closure-compiler
cmake
dar
dependency-check
diesel
dnscrypt-proxy
docbook
docbook-xsl
dvc
etcd
exploitdb
fish
fonttools
gatsby-cli
gimme-aws-creds
glances
gleam
go
godep
gradle
graph-tool
helm@2
http-parser
innoextract
istioctl
jemalloc
jenkins
jenkins-lts
joplin
keydb
kubernetes-cli
lazygit
libsigc++@2
minikube
minio
mmseqs2
navi
neomutt
newsboat
oauth2_proxy
openapi-generator
openh264
packer
percona-toolkit
pueue
pulledpork
pytouhou
rust
simple-scan
stella
stress-ng
swift-format
traefik
traefik@1
vault
vegeta
vim
vowpal-wabbit
whistle
xrootd
yaegi
yamllint
==> Deleted Formulae
syncthing-inotify
==> Updated Casks
1password-cli
acs-acr39u-smartcard-driver
amitv87-pip
android-platform-tools
anydo
ark-desktop-wallet
avocode
badlion-client
battlescribe
blitz
boinc
boostnote
calibre
cctalk
chromium
clashx
cleanmymac
clover-configurator
corona-tracker
craftmanager
cyberduck
dbschema
drawio
electerm
eloston-chromium
epic-games
eventstore
exodus
flipper
fontlab
freedom
freeyourmusic
futuniuniu
geph
glip
glyphs
gns3
goodsync
googleappengine
gray
historyhound
hstracker
ishowu-instant
itunes-producer
lark
lingo
local
loom
losslesscut
lunar
macgdbp
macs-fan-control
mat
metasploit
multimc
multitouch
museeks
mweb
netron
netxms-console
nordic-nrf-command-line-tools
notebooks
one-switch
opera
packetproxy
paparazzi
parallels-toolbox
permute
plex-media-server
powerphotos
pritunl
prosys-opc-ua-browser
proxyman
qqlive
rcloneosx
ringcentral
roboform
rotato
scrutiny
segger-jlink
signal
sitebulb
smartsvn
subethaedit
subler
sunvox
superproductivity
tencent-lemon
texworks
tuple
upic
use-engine
virtualhostx
visualvm
vmware-horizon-client
webcatalog
whatsapp
writemapper
yandex-disk

